<?xml version="1.0" encoding="UTF-8"?>
<!-- Generated by org.testng.reporters.JUnitReportReporter -->
<testsuite hostname="DESKTOP-C01Q9EC" failures="0" tests="3" name="com.mavensession.qa.test.challenge3" time="0.026" errors="0" timestamp="2023-01-13T12:04:37 IST" skipped="0">
  <testcase classname="com.mavensession.qa.test.challenge3" name="test1" time="0.017"/>
  <system-out/>
  <testcase classname="com.mavensession.qa.test.challenge3" name="test2" time="0.005"/>
  <system-out/>
  <testcase classname="com.mavensession.qa.test.challenge3" name="test3" time="0.004"/>
  <system-out/>
</testsuite> <!-- com.mavensession.qa.test.challenge3 -->
