<?xml version="1.0" encoding="UTF-8"?>
<!-- Generated by org.testng.reporters.JUnitReportReporter -->
<testsuite hostname="DESKTOP-C01Q9EC" failures="0" tests="3" name="com.mavensession.qa.test.challenge1" time="0.030" errors="0" timestamp="2023-01-13T11:49:00 IST" skipped="0">
  <testcase classname="com.mavensession.qa.test.challenge1" name="test1" time="0.025"/>
  <system-out/>
  <testcase classname="com.mavensession.qa.test.challenge1" name="test3" time="0.003"/>
  <system-out/>
  <testcase classname="com.mavensession.qa.test.challenge1" name="test2" time="0.002"/>
  <system-out/>
</testsuite> <!-- com.mavensession.qa.test.challenge1 -->
