<?xml version="1.0" encoding="UTF-8"?>
<!-- Generated by org.testng.reporters.JUnitReportReporter -->
<testsuite hostname="DESKTOP-C01Q9EC" failures="0" tests="3" name="com.mavensession.qa.test.challenge2" time="0.038" errors="0" timestamp="2023-01-13T11:56:09 IST" skipped="0">
  <testcase classname="com.mavensession.qa.test.challenge2" name="test1" time="0.029"/>
  <system-out/>
  <testcase classname="com.mavensession.qa.test.challenge2" name="test3" time="0.003"/>
  <system-out/>
  <testcase classname="com.mavensession.qa.test.challenge2" name="test2" time="0.006"/>
  <system-out/>
</testsuite> <!-- com.mavensession.qa.test.challenge2 -->
